<?xml version="1.0" encoding="UTF-8"?>
<coverage generated="1522133651">
  <project timestamp="1522133651">
    <package name="Songshenzong\Api">
      <file name="/Users/zwp/IdeaProjects/Composer/api/src/Api.php">
        <class name="Songshenzong\Api\Api" namespace="Songshenzong\Api" fullPackage="Songshenzong" package="Songshenzong">
          <metrics complexity="67" methods="49" coveredmethods="0" conditionals="0" coveredconditionals="0" statements="95" coveredstatements="0" elements="144" coveredelements="0"/>
        </class>
        <line num="135" type="method" name="errors" visibility="public" complexity="5" crap="30.00" count="0"/>
        <line num="138" type="stmt" count="0"/>
        <line num="139" type="stmt" count="0"/>
        <line num="142" type="stmt" count="0"/>
        <line num="143" type="stmt" count="0"/>
        <line num="146" type="stmt" count="0"/>
        <line num="147" type="stmt" count="0"/>
        <line num="150" type="stmt" count="0"/>
        <line num="151" type="stmt" count="0"/>
        <line num="152" type="stmt" count="0"/>
        <line num="153" type="stmt" count="0"/>
        <line num="154" type="stmt" count="0"/>
        <line num="155" type="stmt" count="0"/>
        <line num="165" type="method" name="setCode" visibility="public" complexity="1" crap="2.00" count="0"/>
        <line num="167" type="stmt" count="0"/>
        <line num="168" type="stmt" count="0"/>
        <line num="174" type="method" name="getCode" visibility="protected" complexity="1" crap="2.00" count="0"/>
        <line num="176" type="stmt" count="0"/>
        <line num="184" type="method" name="setMessage" visibility="public" complexity="1" crap="2.00" count="0"/>
        <line num="186" type="stmt" count="0"/>
        <line num="187" type="stmt" count="0"/>
        <line num="193" type="method" name="getMessage" visibility="protected" complexity="1" crap="2.00" count="0"/>
        <line num="195" type="stmt" count="0"/>
        <line num="204" type="method" name="setData" visibility="public" complexity="1" crap="2.00" count="0"/>
        <line num="206" type="stmt" count="0"/>
        <line num="207" type="stmt" count="0"/>
        <line num="214" type="method" name="getData" visibility="protected" complexity="1" crap="2.00" count="0"/>
        <line num="216" type="stmt" count="0"/>
        <line num="225" type="method" name="setErrors" visibility="public" complexity="1" crap="2.00" count="0"/>
        <line num="227" type="stmt" count="0"/>
        <line num="228" type="stmt" count="0"/>
        <line num="234" type="method" name="getErrors" visibility="protected" complexity="1" crap="2.00" count="0"/>
        <line num="236" type="stmt" count="0"/>
        <line num="246" type="method" name="setHttpStatusCode" visibility="public" complexity="2" crap="6.00" count="0"/>
        <line num="248" type="stmt" count="0"/>
        <line num="249" type="stmt" count="0"/>
        <line num="251" type="stmt" count="0"/>
        <line num="252" type="stmt" count="0"/>
        <line num="259" type="method" name="getHttpStatusCode" visibility="protected" complexity="1" crap="2.00" count="0"/>
        <line num="261" type="stmt" count="0"/>
        <line num="271" type="method" name="setStatusCode" visibility="public" complexity="2" crap="6.00" count="0"/>
        <line num="273" type="stmt" count="0"/>
        <line num="274" type="stmt" count="0"/>
        <line num="277" type="stmt" count="0"/>
        <line num="279" type="stmt" count="0"/>
        <line num="286" type="method" name="getStatusCode" visibility="protected" complexity="1" crap="2.00" count="0"/>
        <line num="288" type="stmt" count="0"/>
        <line num="302" type="method" name="success" visibility="public" complexity="9" crap="90.00" count="0"/>
        <line num="306" type="stmt" count="0"/>
        <line num="307" type="stmt" count="0"/>
        <line num="310" type="stmt" count="0"/>
        <line num="311" type="stmt" count="0"/>
        <line num="314" type="stmt" count="0"/>
        <line num="315" type="stmt" count="0"/>
        <line num="319" type="stmt" count="0"/>
        <line num="321" type="stmt" count="0"/>
        <line num="322" type="stmt" count="0"/>
        <line num="325" type="stmt" count="0"/>
        <line num="328" type="stmt" count="0"/>
        <line num="329" type="stmt" count="0"/>
        <line num="332" type="stmt" count="0"/>
        <line num="333" type="stmt" count="0"/>
        <line num="336" type="stmt" count="0"/>
        <line num="352" type="method" name="ok" visibility="public" complexity="1" crap="2.00" count="0"/>
        <line num="354" type="stmt" count="0"/>
        <line num="363" type="method" name="item" visibility="public" complexity="1" crap="2.00" count="0"/>
        <line num="365" type="stmt" count="0"/>
        <line num="374" type="method" name="collection" visibility="public" complexity="1" crap="2.00" count="0"/>
        <line num="376" type="stmt" count="0"/>
        <line num="385" type="method" name="paginate" visibility="public" complexity="1" crap="2.00" count="0"/>
        <line num="387" type="stmt" count="0"/>
        <line num="401" type="method" name="created" visibility="public" complexity="1" crap="2.00" count="0"/>
        <line num="403" type="stmt" count="0"/>
        <line num="418" type="method" name="accepted" visibility="public" complexity="1" crap="2.00" count="0"/>
        <line num="420" type="stmt" count="0"/>
        <line num="435" type="method" name="nonAuthoritativeInformation" visibility="public" complexity="1" crap="2.00" count="0"/>
        <line num="437" type="stmt" count="0"/>
        <line num="452" type="method" name="noContent" visibility="public" complexity="1" crap="2.00" count="0"/>
        <line num="454" type="stmt" count="0"/>
        <line num="470" type="method" name="resetContent" visibility="public" complexity="1" crap="2.00" count="0"/>
        <line num="472" type="stmt" count="0"/>
        <line num="488" type="method" name="badRequest" visibility="public" complexity="1" crap="2.00" count="0"/>
        <line num="490" type="stmt" count="0"/>
        <line num="511" type="method" name="unauthorized" visibility="public" complexity="1" crap="2.00" count="0"/>
        <line num="513" type="stmt" count="0"/>
        <line num="529" type="method" name="forbidden" visibility="public" complexity="1" crap="2.00" count="0"/>
        <line num="531" type="stmt" count="0"/>
        <line num="547" type="method" name="notFound" visibility="public" complexity="1" crap="2.00" count="0"/>
        <line num="549" type="stmt" count="0"/>
        <line num="565" type="method" name="methodNotAllowed" visibility="public" complexity="1" crap="2.00" count="0"/>
        <line num="567" type="stmt" count="0"/>
        <line num="583" type="method" name="notAcceptable" visibility="public" complexity="1" crap="2.00" count="0"/>
        <line num="585" type="stmt" count="0"/>
        <line num="601" type="method" name="conflict" visibility="public" complexity="1" crap="2.00" count="0"/>
        <line num="603" type="stmt" count="0"/>
        <line num="622" type="method" name="gone" visibility="public" complexity="1" crap="2.00" count="0"/>
        <line num="624" type="stmt" count="0"/>
        <line num="639" type="method" name="lengthRequired" visibility="public" complexity="1" crap="2.00" count="0"/>
        <line num="641" type="stmt" count="0"/>
        <line num="656" type="method" name="preconditionFailed" visibility="public" complexity="1" crap="2.00" count="0"/>
        <line num="658" type="stmt" count="0"/>
        <line num="674" type="method" name="unsupportedMediaType" visibility="public" complexity="1" crap="2.00" count="0"/>
        <line num="676" type="stmt" count="0"/>
        <line num="691" type="method" name="unprocessableEntity" visibility="public" complexity="1" crap="2.00" count="0"/>
        <line num="693" type="stmt" count="0"/>
        <line num="710" type="method" name="preconditionRequired" visibility="public" complexity="1" crap="2.00" count="0"/>
        <line num="712" type="stmt" count="0"/>
        <line num="727" type="method" name="tooManyRequests" visibility="public" complexity="1" crap="2.00" count="0"/>
        <line num="729" type="stmt" count="0"/>
        <line num="745" type="method" name="internalServerError" visibility="public" complexity="1" crap="2.00" count="0"/>
        <line num="747" type="stmt" count="0"/>
        <line num="763" type="method" name="notImplemented" visibility="public" complexity="1" crap="2.00" count="0"/>
        <line num="765" type="stmt" count="0"/>
        <line num="780" type="method" name="badGateway" visibility="public" complexity="1" crap="2.00" count="0"/>
        <line num="782" type="stmt" count="0"/>
        <line num="798" type="method" name="serviceUnavailable" visibility="public" complexity="1" crap="2.00" count="0"/>
        <line num="800" type="stmt" count="0"/>
        <line num="815" type="method" name="gatewayTimeOut" visibility="public" complexity="1" crap="2.00" count="0"/>
        <line num="817" type="stmt" count="0"/>
        <line num="832" type="method" name="httpVersionNotSupported" visibility="public" complexity="1" crap="2.00" count="0"/>
        <line num="834" type="stmt" count="0"/>
        <line num="849" type="method" name="variantAlsoNegotiates" visibility="public" complexity="1" crap="2.00" count="0"/>
        <line num="851" type="stmt" count="0"/>
        <line num="866" type="method" name="insufficientStorage" visibility="public" complexity="1" crap="2.00" count="0"/>
        <line num="868" type="stmt" count="0"/>
        <line num="883" type="method" name="loopDetected" visibility="public" complexity="1" crap="2.00" count="0"/>
        <line num="885" type="stmt" count="0"/>
        <line num="900" type="method" name="notExtended" visibility="public" complexity="1" crap="2.00" count="0"/>
        <line num="902" type="stmt" count="0"/>
        <line num="919" type="method" name="networkAuthenticationRequired" visibility="public" complexity="1" crap="2.00" count="0"/>
        <line num="921" type="stmt" count="0"/>
        <line num="935" type="method" name="validator" visibility="public" complexity="5" crap="30.00" count="0"/>
        <line num="937" type="stmt" count="0"/>
        <line num="938" type="stmt" count="0"/>
        <line num="940" type="stmt" count="0"/>
        <line num="941" type="stmt" count="0"/>
        <line num="943" type="stmt" count="0"/>
        <line num="947" type="stmt" count="0"/>
        <line num="949" type="stmt" count="0"/>
        <line num="950" type="stmt" count="0"/>
        <line num="953" type="stmt" count="0"/>
        <line num="954" type="stmt" count="0"/>
        <line num="955" type="stmt" count="0"/>
        <line num="958" type="stmt" count="0"/>
        <metrics loc="960" ncloc="417" classes="1" methods="49" coveredmethods="0" conditionals="0" coveredconditionals="0" statements="95" coveredstatements="0" elements="144" coveredelements="0"/>
      </file>
      <file name="/Users/zwp/IdeaProjects/Composer/api/src/Facade.php">
        <class name="Songshenzong\Api\Facade" namespace="Songshenzong\Api" fullPackage="Songshenzong" package="Songshenzong">
          <metrics complexity="1" methods="1" coveredmethods="0" conditionals="0" coveredconditionals="0" statements="3" coveredstatements="0" elements="4" coveredelements="0"/>
        </class>
        <line num="16" type="method" name="getFacadeAccessor" visibility="protected" complexity="1" crap="2.00" count="0"/>
        <line num="17" type="stmt" count="0"/>
        <line num="18" type="stmt" count="0"/>
        <line num="19" type="stmt" count="0"/>
        <metrics loc="20" ncloc="12" classes="1" methods="1" coveredmethods="0" conditionals="0" coveredconditionals="0" statements="3" coveredstatements="0" elements="4" coveredelements="0"/>
      </file>
      <file name="/Users/zwp/IdeaProjects/Composer/api/src/Middleware.php">
        <class name="Songshenzong\Api\Middleware" namespace="Songshenzong\Api" fullPackage="Songshenzong" package="Songshenzong">
          <metrics complexity="36" methods="9" coveredmethods="0" conditionals="0" coveredconditionals="0" statements="103" coveredstatements="0" elements="112" coveredelements="0"/>
        </class>
        <line num="11" type="stmt" count="0"/>
        <line num="40" type="method" name="__construct" visibility="public" complexity="1" crap="2.00" count="0"/>
        <line num="41" type="stmt" count="0"/>
        <line num="42" type="stmt" count="0"/>
        <line num="43" type="stmt" count="0"/>
        <line num="44" type="stmt" count="0"/>
        <line num="45" type="stmt" count="0"/>
        <line num="58" type="method" name="handle" visibility="public" complexity="9" crap="90.00" count="0"/>
        <line num="59" type="stmt" count="0"/>
        <line num="62" type="stmt" count="0"/>
        <line num="63" type="stmt" count="0"/>
        <line num="64" type="stmt" count="0"/>
        <line num="66" type="stmt" count="0"/>
        <line num="67" type="stmt" count="0"/>
        <line num="68" type="stmt" count="0"/>
        <line num="70" type="stmt" count="0"/>
        <line num="71" type="stmt" count="0"/>
        <line num="72" type="stmt" count="0"/>
        <line num="75" type="stmt" count="0"/>
        <line num="77" type="stmt" count="0"/>
        <line num="78" type="stmt" count="0"/>
        <line num="79" type="stmt" count="0"/>
        <line num="80" type="stmt" count="0"/>
        <line num="81" type="stmt" count="0"/>
        <line num="82" type="stmt" count="0"/>
        <line num="83" type="stmt" count="0"/>
        <line num="84" type="stmt" count="0"/>
        <line num="86" type="stmt" count="0"/>
        <line num="89" type="stmt" count="0"/>
        <line num="90" type="stmt" count="0"/>
        <line num="91" type="stmt" count="0"/>
        <line num="92" type="stmt" count="0"/>
        <line num="93" type="stmt" count="0"/>
        <line num="94" type="stmt" count="0"/>
        <line num="96" type="stmt" count="0"/>
        <line num="97" type="stmt" count="0"/>
        <line num="98" type="stmt" count="0"/>
        <line num="101" type="stmt" count="0"/>
        <line num="102" type="stmt" count="0"/>
        <line num="109" type="method" name="isCompatibleWithDingo" visibility="private" complexity="7" crap="56.00" count="0"/>
        <line num="110" type="stmt" count="0"/>
        <line num="111" type="stmt" count="0"/>
        <line num="112" type="stmt" count="0"/>
        <line num="113" type="stmt" count="0"/>
        <line num="116" type="stmt" count="0"/>
        <line num="117" type="stmt" count="0"/>
        <line num="118" type="stmt" count="0"/>
        <line num="119" type="stmt" count="0"/>
        <line num="120" type="stmt" count="0"/>
        <line num="123" type="stmt" count="0"/>
        <line num="124" type="stmt" count="0"/>
        <line num="125" type="stmt" count="0"/>
        <line num="127" type="stmt" count="0"/>
        <line num="128" type="stmt" count="0"/>
        <line num="129" type="stmt" count="0"/>
        <line num="131" type="stmt" count="0"/>
        <line num="132" type="stmt" count="0"/>
        <line num="133" type="stmt" count="0"/>
        <line num="134" type="stmt" count="0"/>
        <line num="135" type="stmt" count="0"/>
        <line num="141" type="method" name="inPrefixes" visibility="private" complexity="2" crap="6.00" count="0"/>
        <line num="142" type="stmt" count="0"/>
        <line num="144" type="stmt" count="0"/>
        <line num="147" type="stmt" count="0"/>
        <line num="148" type="stmt" count="0"/>
        <line num="149" type="stmt" count="0"/>
        <line num="152" type="stmt" count="0"/>
        <line num="153" type="stmt" count="0"/>
        <line num="159" type="method" name="inExcludes" visibility="private" complexity="2" crap="6.00" count="0"/>
        <line num="160" type="stmt" count="0"/>
        <line num="162" type="stmt" count="0"/>
        <line num="164" type="stmt" count="0"/>
        <line num="165" type="stmt" count="0"/>
        <line num="166" type="stmt" count="0"/>
        <line num="169" type="stmt" count="0"/>
        <line num="170" type="stmt" count="0"/>
        <line num="178" type="method" name="getEnvArray" visibility="private" complexity="5" crap="30.00" count="0"/>
        <line num="179" type="stmt" count="0"/>
        <line num="180" type="stmt" count="0"/>
        <line num="182" type="stmt" count="0"/>
        <line num="183" type="stmt" count="0"/>
        <line num="184" type="stmt" count="0"/>
        <line num="186" type="stmt" count="0"/>
        <line num="187" type="stmt" count="0"/>
        <line num="188" type="stmt" count="0"/>
        <line num="191" type="stmt" count="0"/>
        <line num="192" type="stmt" count="0"/>
        <line num="193" type="stmt" count="0"/>
        <line num="195" type="stmt" count="0"/>
        <line num="196" type="stmt" count="0"/>
        <line num="197" type="stmt" count="0"/>
        <line num="199" type="stmt" count="0"/>
        <line num="200" type="stmt" count="0"/>
        <line num="206" type="method" name="inDomains" visibility="private" complexity="2" crap="6.00" count="0"/>
        <line num="207" type="stmt" count="0"/>
        <line num="208" type="stmt" count="0"/>
        <line num="210" type="stmt" count="0"/>
        <line num="211" type="stmt" count="0"/>
        <line num="212" type="stmt" count="0"/>
        <line num="215" type="stmt" count="0"/>
        <line num="216" type="stmt" count="0"/>
        <line num="225" type="method" name="sendRequestThroughRouter" visibility="protected" complexity="4" crap="20.00" count="0"/>
        <line num="226" type="stmt" count="0"/>
        <line num="227" type="method" name="anonymousFunction:227#922" complexity="4" crap="20.00" count="0"/>
        <line num="229" type="stmt" count="0"/>
        <line num="231" type="stmt" count="0"/>
        <line num="232" type="stmt" count="0"/>
        <line num="233" type="stmt" count="0"/>
        <line num="234" type="stmt" count="0"/>
        <line num="236" type="stmt" count="0"/>
        <line num="237" type="stmt" count="0"/>
        <line num="239" type="stmt" count="0"/>
        <line num="240" type="stmt" count="0"/>
        <line num="241" type="stmt" count="0"/>
        <metrics loc="242" ncloc="183" classes="1" methods="9" coveredmethods="0" conditionals="0" coveredconditionals="0" statements="105" coveredstatements="0" elements="114" coveredelements="0"/>
      </file>
      <file name="/Users/zwp/IdeaProjects/Composer/api/src/ServiceProvider.php">
        <class name="Songshenzong\Api\ServiceProvider" namespace="Songshenzong\Api" fullPackage="Songshenzong" package="Songshenzong">
          <metrics complexity="9" methods="6" coveredmethods="0" conditionals="0" coveredconditionals="0" statements="31" coveredstatements="0" elements="37" coveredelements="0"/>
        </class>
        <line num="5" type="stmt" count="0"/>
        <line num="40" type="method" name="boot" visibility="public" complexity="1" crap="2.00" count="0"/>
        <line num="41" type="stmt" count="0"/>
        <line num="42" type="stmt" count="0"/>
        <line num="43" type="stmt" count="0"/>
        <line num="44" type="stmt" count="0"/>
        <line num="45" type="stmt" count="0"/>
        <line num="46" type="stmt" count="0"/>
        <line num="47" type="stmt" count="0"/>
        <line num="54" type="method" name="register" visibility="public" complexity="1" crap="2.00" count="0"/>
        <line num="55" type="stmt" count="0"/>
        <line num="56" type="method" name="anonymousFunction:56#180" complexity="1" crap="2.00" count="0"/>
        <line num="57" type="stmt" count="0"/>
        <line num="58" type="stmt" count="0"/>
        <line num="59" type="stmt" count="0"/>
        <line num="60" type="stmt" count="0"/>
        <line num="61" type="stmt" count="0"/>
        <line num="62" type="stmt" count="0"/>
        <line num="65" type="method" name="anonymousFunction:65#229" complexity="1" crap="2.00" count="0"/>
        <line num="66" type="stmt" count="0"/>
        <line num="67" type="stmt" count="0"/>
        <line num="68" type="stmt" count="0"/>
        <line num="69" type="stmt" count="0"/>
        <line num="70" type="stmt" count="0"/>
        <line num="73" type="stmt" count="0"/>
        <line num="74" type="stmt" count="0"/>
        <line num="75" type="stmt" count="0"/>
        <line num="86" type="method" name="instantiateConfigValues" visibility="protected" complexity="2" crap="6.00" count="0"/>
        <line num="87" type="stmt" count="0"/>
        <line num="88" type="stmt" count="0"/>
        <line num="89" type="stmt" count="0"/>
        <line num="90" type="stmt" count="0"/>
        <line num="92" type="stmt" count="0"/>
        <line num="93" type="stmt" count="0"/>
        <line num="103" type="method" name="instantiateConfigValue" visibility="protected" complexity="3" crap="12.00" count="0"/>
        <line num="104" type="stmt" count="0"/>
        <line num="105" type="stmt" count="0"/>
        <line num="106" type="stmt" count="0"/>
        <line num="107" type="stmt" count="0"/>
        <line num="109" type="stmt" count="0"/>
        <line num="110" type="stmt" count="0"/>
        <metrics loc="111" ncloc="70" classes="1" methods="6" coveredmethods="0" conditionals="0" coveredconditionals="0" statements="35" coveredstatements="0" elements="41" coveredelements="0"/>
      </file>
    </package>
    <package name="Songshenzong\Api\Exception">
      <file name="/Users/zwp/IdeaProjects/Composer/api/src/Exception/Handler.php">
        <class name="Songshenzong\Api\Exception\Handler" namespace="Songshenzong\Api\Exception" fullPackage="Songshenzong" package="Songshenzong">
          <metrics complexity="38" methods="17" coveredmethods="0" conditionals="0" coveredconditionals="0" statements="103" coveredstatements="0" elements="120" coveredelements="0"/>
        </class>
        <line num="53" type="method" name="__construct" visibility="public" complexity="1" crap="2.00" count="0"/>
        <line num="54" type="stmt" count="0"/>
        <line num="55" type="stmt" count="0"/>
        <line num="56" type="stmt" count="0"/>
        <line num="57" type="stmt" count="0"/>
        <line num="66" type="method" name="report" visibility="public" complexity="1" crap="2.00" count="0"/>
        <line num="67" type="stmt" count="0"/>
        <line num="68" type="stmt" count="0"/>
        <line num="69" type="stmt" count="0"/>
        <line num="81" type="method" name="render" visibility="public" complexity="1" crap="2.00" count="0"/>
        <line num="82" type="stmt" count="0"/>
        <line num="83" type="stmt" count="0"/>
        <line num="84" type="stmt" count="0"/>
        <line num="94" type="method" name="renderForConsole" visibility="public" complexity="1" crap="2.00" count="0"/>
        <line num="95" type="stmt" count="0"/>
        <line num="96" type="stmt" count="0"/>
        <line num="97" type="stmt" count="0"/>
        <line num="107" type="method" name="register" visibility="public" complexity="1" crap="2.00" count="0"/>
        <line num="108" type="stmt" count="0"/>
        <line num="109" type="stmt" count="0"/>
        <line num="111" type="stmt" count="0"/>
        <line num="112" type="stmt" count="0"/>
        <line num="122" type="method" name="handle" visibility="public" complexity="5" crap="30.00" count="0"/>
        <line num="123" type="stmt" count="0"/>
        <line num="126" type="stmt" count="0"/>
        <line num="127" type="stmt" count="0"/>
        <line num="128" type="stmt" count="0"/>
        <line num="129" type="stmt" count="0"/>
        <line num="131" type="stmt" count="0"/>
        <line num="132" type="stmt" count="0"/>
        <line num="133" type="stmt" count="0"/>
        <line num="134" type="stmt" count="0"/>
        <line num="136" type="stmt" count="0"/>
        <line num="137" type="stmt" count="0"/>
        <line num="138" type="stmt" count="0"/>
        <line num="141" type="stmt" count="0"/>
        <line num="142" type="stmt" count="0"/>
        <line num="153" type="method" name="genericResponse" visibility="protected" complexity="1" crap="2.00" count="0"/>
        <line num="154" type="stmt" count="0"/>
        <line num="155" type="stmt" count="0"/>
        <line num="158" type="stmt" count="0"/>
        <line num="159" type="stmt" count="0"/>
        <line num="168" type="method" name="getStatusCode" visibility="protected" complexity="5" crap="30.00" count="0"/>
        <line num="169" type="stmt" count="0"/>
        <line num="171" type="stmt" count="0"/>
        <line num="172" type="stmt" count="0"/>
        <line num="173" type="stmt" count="0"/>
        <line num="176" type="stmt" count="0"/>
        <line num="177" type="stmt" count="0"/>
        <line num="178" type="stmt" count="0"/>
        <line num="180" type="stmt" count="0"/>
        <line num="181" type="stmt" count="0"/>
        <line num="190" type="method" name="getHttpStatusCode" visibility="protected" complexity="5" crap="30.00" count="0"/>
        <line num="191" type="stmt" count="0"/>
        <line num="193" type="stmt" count="0"/>
        <line num="194" type="stmt" count="0"/>
        <line num="195" type="stmt" count="0"/>
        <line num="197" type="stmt" count="0"/>
        <line num="198" type="stmt" count="0"/>
        <line num="199" type="stmt" count="0"/>
        <line num="201" type="stmt" count="0"/>
        <line num="202" type="stmt" count="0"/>
        <line num="212" type="method" name="getHeaders" visibility="protected" complexity="2" crap="6.00" count="0"/>
        <line num="213" type="stmt" count="0"/>
        <line num="214" type="stmt" count="0"/>
        <line num="215" type="stmt" count="0"/>
        <line num="224" type="method" name="prepareReplacements" visibility="protected" complexity="6" crap="42.00" count="0"/>
        <line num="225" type="stmt" count="0"/>
        <line num="227" type="stmt" count="0"/>
        <line num="231" type="stmt" count="0"/>
        <line num="232" type="stmt" count="0"/>
        <line num="233" type="stmt" count="0"/>
        <line num="235" type="stmt" count="0"/>
        <line num="238" type="stmt" count="0"/>
        <line num="239" type="stmt" count="0"/>
        <line num="240" type="stmt" count="0"/>
        <line num="242" type="stmt" count="0"/>
        <line num="244" type="stmt" count="0"/>
        <line num="245" type="stmt" count="0"/>
        <line num="246" type="stmt" count="0"/>
        <line num="249" type="stmt" count="0"/>
        <line num="250" type="stmt" count="0"/>
        <line num="251" type="stmt" count="0"/>
        <line num="252" type="stmt" count="0"/>
        <line num="253" type="stmt" count="0"/>
        <line num="254" type="stmt" count="0"/>
        <line num="255" type="stmt" count="0"/>
        <line num="256" type="stmt" count="0"/>
        <line num="259" type="stmt" count="0"/>
        <line num="260" type="stmt" count="0"/>
        <line num="269" type="method" name="setReplacements" visibility="public" complexity="1" crap="2.00" count="0"/>
        <line num="270" type="stmt" count="0"/>
        <line num="271" type="stmt" count="0"/>
        <line num="272" type="stmt" count="0"/>
        <line num="283" type="method" name="getExceptionStatusCode" visibility="protected" complexity="4" crap="20.00" count="0"/>
        <line num="284" type="stmt" count="0"/>
        <line num="285" type="stmt" count="0"/>
        <line num="286" type="stmt" count="0"/>
        <line num="287" type="stmt" count="0"/>
        <line num="288" type="stmt" count="0"/>
        <line num="290" type="stmt" count="0"/>
        <line num="291" type="stmt" count="0"/>
        <line num="298" type="method" name="runningInDebugMode" visibility="protected" complexity="1" crap="2.00" count="0"/>
        <line num="299" type="stmt" count="0"/>
        <line num="300" type="stmt" count="0"/>
        <line num="301" type="stmt" count="0"/>
        <line num="311" type="method" name="handlerHint" visibility="protected" complexity="1" crap="2.00" count="0"/>
        <line num="312" type="stmt" count="0"/>
        <line num="313" type="stmt" count="0"/>
        <line num="315" type="stmt" count="0"/>
        <line num="317" type="stmt" count="0"/>
        <line num="318" type="stmt" count="0"/>
        <line num="325" type="method" name="getHandlers" visibility="public" complexity="1" crap="2.00" count="0"/>
        <line num="326" type="stmt" count="0"/>
        <line num="327" type="stmt" count="0"/>
        <line num="328" type="stmt" count="0"/>
        <line num="338" type="method" name="setDebug" visibility="public" complexity="1" crap="2.00" count="0"/>
        <line num="339" type="stmt" count="0"/>
        <line num="340" type="stmt" count="0"/>
        <line num="341" type="stmt" count="0"/>
        <metrics loc="342" ncloc="192" classes="1" methods="17" coveredmethods="0" conditionals="0" coveredconditionals="0" statements="103" coveredstatements="0" elements="120" coveredelements="0"/>
      </file>
      <file name="/Users/zwp/IdeaProjects/Composer/api/src/Exception/SongshenzongException.php">
        <class name="Songshenzong\Api\Exception\SongshenzongException" namespace="Songshenzong\Api\Exception" fullPackage="Songshenzong" package="Songshenzong">
          <metrics complexity="7" methods="7" coveredmethods="0" conditionals="0" coveredconditionals="0" statements="26" coveredstatements="0" elements="33" coveredelements="0"/>
        </class>
        <line num="65" type="method" name="__construct" visibility="public" complexity="1" crap="2.00" count="0"/>
        <line num="66" type="stmt" count="0"/>
        <line num="69" type="stmt" count="0"/>
        <line num="70" type="stmt" count="0"/>
        <line num="71" type="stmt" count="0"/>
        <line num="72" type="stmt" count="0"/>
        <line num="73" type="stmt" count="0"/>
        <line num="75" type="stmt" count="0"/>
        <line num="76" type="stmt" count="0"/>
        <line num="82" type="method" name="getHttpStatusCode" visibility="public" complexity="1" crap="2.00" count="0"/>
        <line num="83" type="stmt" count="0"/>
        <line num="84" type="stmt" count="0"/>
        <line num="85" type="stmt" count="0"/>
        <line num="90" type="method" name="getStatusCode" visibility="public" complexity="1" crap="2.00" count="0"/>
        <line num="91" type="stmt" count="0"/>
        <line num="99" type="stmt" count="0"/>
        <line num="100" type="stmt" count="0"/>
        <line num="106" type="method" name="getOriginalStatusCode" visibility="public" complexity="1" crap="2.00" count="0"/>
        <line num="107" type="stmt" count="0"/>
        <line num="108" type="stmt" count="0"/>
        <line num="109" type="stmt" count="0"/>
        <line num="114" type="method" name="getErrors" visibility="public" complexity="1" crap="2.00" count="0"/>
        <line num="115" type="stmt" count="0"/>
        <line num="116" type="stmt" count="0"/>
        <line num="117" type="stmt" count="0"/>
        <line num="123" type="method" name="getHeaders" visibility="public" complexity="1" crap="2.00" count="0"/>
        <line num="124" type="stmt" count="0"/>
        <line num="125" type="stmt" count="0"/>
        <line num="126" type="stmt" count="0"/>
        <line num="132" type="method" name="hasErrors" visibility="public" complexity="1" crap="2.00" count="0"/>
        <line num="133" type="stmt" count="0"/>
        <line num="134" type="stmt" count="0"/>
        <line num="135" type="stmt" count="0"/>
        <metrics loc="136" ncloc="60" classes="1" methods="7" coveredmethods="0" conditionals="0" coveredconditionals="0" statements="26" coveredstatements="0" elements="33" coveredelements="0"/>
      </file>
    </package>
    <file name="/Users/zwp/IdeaProjects/Composer/api/src/Helpers.php">
      <line num="10" type="stmt" count="0"/>
      <line num="11" type="stmt" count="0"/>
      <line num="13" type="stmt" count="0"/>
      <line num="25" type="stmt" count="0"/>
      <metrics loc="27" ncloc="19" classes="0" methods="0" coveredmethods="0" conditionals="0" coveredconditionals="0" statements="4" coveredstatements="0" elements="4" coveredelements="0"/>
    </file>
    <metrics files="7" loc="1838" ncloc="953" classes="6" methods="89" coveredmethods="0" conditionals="0" coveredconditionals="0" statements="371" coveredstatements="0" elements="460" coveredelements="0"/>
  </project>
</coverage>
